  DIContainer.cpp
C:\Users\user\Desktop\就活\作成フォルダ\藤岡祐明_作品1\X_Shooting_C++\DIContainer\DIContainer.h(12,10): error C1083: include ファイルを開けません。'di.hpp':No such file or directory
  (ソース ファイル 'DIContainer/DIContainer.cpp' をコンパイルしています)
  
  GameManager.cpp
C:\Users\user\Desktop\就活\作成フォルダ\藤岡祐明_作品1\X_Shooting_C++\common.h(4,10): error C1083: include ファイルを開けません。'conioex.h':No such file or directory
  (ソース ファイル 'GameManager.cpp' をコンパイルしています)
  
  InputManager.cpp
C:\Users\user\Desktop\就活\作成フォルダ\藤岡祐明_作品1\X_Shooting_C++\InputManager\IInputManager.h(4,10): error C1083: include ファイルを開けません。'Geometry.h':No such file or directory
  (ソース ファイル 'InputManager/InputManager.cpp' をコンパイルしています)
  
  main.cpp
C:\Users\user\Desktop\就活\作成フォルダ\藤岡祐明_作品1\X_Shooting_C++\common.h(4,10): error C1083: include ファイルを開けません。'conioex.h':No such file or directory
  (ソース ファイル 'main.cpp' をコンパイルしています)
  
  MapManager.cpp
C:\Users\user\Desktop\就活\作成フォルダ\藤岡祐明_作品1\X_Shooting_C++\MapManager\MapManager.h(10,10): error C1083: include ファイルを開けません。'types.h':No such file or directory
  (ソース ファイル 'MapManager/MapManager.cpp' をコンパイルしています)
  
  TextureDataManager.cpp
C:\Users\user\Desktop\就活\作成フォルダ\藤岡祐明_作品1\X_Shooting_C++\Resource\TextureDataManager.h(8,10): error C1083: include ファイルを開けません。'types.h':No such file or directory
  (ソース ファイル 'Resource/TextureDataManager.cpp' をコンパイルしています)
  
  CsvDataManager.cpp
  ResourceManager.cpp
C:\Users\user\Desktop\就活\作成フォルダ\藤岡祐明_作品1\X_Shooting_C++\Resource\ResourceManager.h(11,10): error C1083: include ファイルを開けません。'types.h':No such file or directory
  (ソース ファイル 'Resource/ResourceManager.cpp' をコンパイルしています)
  
  GameTextureManager.cpp
C:\Users\user\Desktop\就活\作成フォルダ\藤岡祐明_作品1\X_Shooting_C++\Resource\Texture\GameTexture.h(18,10): error C1083: include ファイルを開けません。'conioex.h':No such file or directory
  (ソース ファイル 'Resource/Texture/GameTextureManager.cpp' をコンパイルしています)
  
  GameScene.cpp
C:\Users\user\Desktop\就活\作成フォルダ\藤岡祐明_作品1\X_Shooting_C++\Scene\GameScene.h(4,10): error C1083: include ファイルを開けません。'Game.h':No such file or directory
  (ソース ファイル 'Scene/GameScene.cpp' をコンパイルしています)
  
  SceneStatus.cpp
C:\Users\user\Desktop\就活\作成フォルダ\藤岡祐明_作品1\X_Shooting_C++\Scene\SceneStatus.h(4,10): error C1083: include ファイルを開けません。'types.h':No such file or directory
  (ソース ファイル 'Scene/SceneStatus.cpp' をコンパイルしています)
  
  TitleScene.cpp
C:\Users\user\Desktop\就活\作成フォルダ\藤岡祐明_作品1\X_Shooting_C++\Scene\TitleScene.cpp(2,10): error C1083: include ファイルを開けません。'common.h':No such file or directory
  conioex.cpp
C:\Users\user\Desktop\就活\作成フォルダ\藤岡祐明_作品1\X_Shooting_C++\SchooLlibrary\conioex.cpp(2655,79): warning C4267: '引数': 'size_t' から 'int' に変換しました。データが失われているかもしれません。
C:\Users\user\Desktop\就活\作成フォルダ\藤岡祐明_作品1\X_Shooting_C++\SchooLlibrary\conioex.cpp(2655,72): warning C4267: '引数': 'size_t' から 'int' に変換しました。データが失われているかもしれません。
C:\Users\user\Desktop\就活\作成フォルダ\藤岡祐明_作品1\X_Shooting_C++\SchooLlibrary\conioex.cpp(2655,63): warning C4267: '引数': 'size_t' から 'int' に変換しました。データが失われているかもしれません。
C:\Users\user\Desktop\就活\作成フォルダ\藤岡祐明_作品1\X_Shooting_C++\SchooLlibrary\conioex.cpp(2655,52): warning C4267: '引数': 'size_t' から 'int' に変換しました。データが失われているかもしれません。
C:\Users\user\Desktop\就活\作成フォルダ\藤岡祐明_作品1\X_Shooting_C++\SchooLlibrary\conioex.cpp(2679,79): warning C4267: '引数': 'size_t' から 'int' に変換しました。データが失われているかもしれません。
C:\Users\user\Desktop\就活\作成フォルダ\藤岡祐明_作品1\X_Shooting_C++\SchooLlibrary\conioex.cpp(2679,72): warning C4267: '引数': 'size_t' から 'int' に変換しました。データが失われているかもしれません。
C:\Users\user\Desktop\就活\作成フォルダ\藤岡祐明_作品1\X_Shooting_C++\SchooLlibrary\conioex.cpp(2679,63): warning C4267: '引数': 'size_t' から 'int' に変換しました。データが失われているかもしれません。
C:\Users\user\Desktop\就活\作成フォルダ\藤岡祐明_作品1\X_Shooting_C++\SchooLlibrary\conioex.cpp(2679,52): warning C4267: '引数': 'size_t' から 'int' に変換しました。データが失われているかもしれません。
  TestGameManager.cpp
C:\Users\user\Desktop\就活\作成フォルダ\藤岡祐明_作品1\X_Shooting_C++\Test\TestGameManager.h(11,10): error C1083: include ファイルを開けません。'IGameManager.h':No such file or directory
  (ソース ファイル 'Test/TestGameManager.cpp' をコンパイルしています)
  
  TestInputManager.cpp
C:\Users\user\Desktop\就活\作成フォルダ\藤岡祐明_作品1\X_Shooting_C++\Test\TestInputManager.h(15,10): error C1083: include ファイルを開けません。'IInputManager.h':No such file or directory
  (ソース ファイル 'Test/TestInputManager.cpp' をコンパイルしています)
  
  TestMapManager.cpp
C:\Users\user\Desktop\就活\作成フォルダ\藤岡祐明_作品1\X_Shooting_C++\Test\TestMapManager.h(9,10): error C1083: include ファイルを開けません。'types.h':No such file or directory
  (ソース ファイル 'Test/TestMapManager.cpp' をコンパイルしています)
  
  TestScene.cpp
C:\Users\user\Desktop\就活\作成フォルダ\藤岡祐明_作品1\X_Shooting_C++\Test\TestScene.h(4,10): error C1083: include ファイルを開けません。'SceneBase.h':No such file or directory
  (ソース ファイル 'Test/TestScene.cpp' をコンパイルしています)
  
  Geometry.cpp
C:\Users\user\Desktop\就活\作成フォルダ\藤岡祐明_作品1\X_Shooting_C++\X_Shooting_C++\Geometry.cpp(1,10): error C1083: include ファイルを開けません。'Geometry.h':No such file or directory
