c:\users\user\desktop\就活\作成フォルダ\藤岡祐明_作品1\x_shooting_c++\x_shooting_c++\x64\debug\vc143.pdb
c:\users\user\desktop\就活\作成フォルダ\藤岡祐明_作品1\x_shooting_c++\x_shooting_c++\x64\debug\vc143.idb
c:\users\user\desktop\就活\作成フォルダ\藤岡祐明_作品1\x_shooting_c++\x_shooting_c++\x64\debug\geometry.obj
c:\users\user\desktop\就活\作成フォルダ\藤岡祐明_作品1\x_shooting_c++\x_shooting_c++\x64\debug\testscene.obj
c:\users\user\desktop\就活\作成フォルダ\藤岡祐明_作品1\x_shooting_c++\x_shooting_c++\x64\debug\testmapmanager.obj
c:\users\user\desktop\就活\作成フォルダ\藤岡祐明_作品1\x_shooting_c++\x_shooting_c++\x64\debug\testinputmanager.obj
c:\users\user\desktop\就活\作成フォルダ\藤岡祐明_作品1\x_shooting_c++\x_shooting_c++\x64\debug\testgamemanager.obj
c:\users\user\desktop\就活\作成フォルダ\藤岡祐明_作品1\x_shooting_c++\x_shooting_c++\x64\debug\conioex.obj
c:\users\user\desktop\就活\作成フォルダ\藤岡祐明_作品1\x_shooting_c++\x_shooting_c++\x64\debug\titlescene.obj
c:\users\user\desktop\就活\作成フォルダ\藤岡祐明_作品1\x_shooting_c++\x_shooting_c++\x64\debug\scenemanager.obj
c:\users\user\desktop\就活\作成フォルダ\藤岡祐明_作品1\x_shooting_c++\x_shooting_c++\x64\debug\gamescene.obj
c:\users\user\desktop\就活\作成フォルダ\藤岡祐明_作品1\x_shooting_c++\x_shooting_c++\x64\debug\gametexturemanager.obj
c:\users\user\desktop\就活\作成フォルダ\藤岡祐明_作品1\x_shooting_c++\x_shooting_c++\x64\debug\resourcemanager.obj
c:\users\user\desktop\就活\作成フォルダ\藤岡祐明_作品1\x_shooting_c++\x_shooting_c++\x64\debug\csvdatamanager.obj
c:\users\user\desktop\就活\作成フォルダ\藤岡祐明_作品1\x_shooting_c++\x_shooting_c++\x64\debug\texturedatamanager.obj
c:\users\user\desktop\就活\作成フォルダ\藤岡祐明_作品1\x_shooting_c++\x_shooting_c++\x64\debug\mapmanager.obj
c:\users\user\desktop\就活\作成フォルダ\藤岡祐明_作品1\x_shooting_c++\x_shooting_c++\x64\debug\main.obj
c:\users\user\desktop\就活\作成フォルダ\藤岡祐明_作品1\x_shooting_c++\x_shooting_c++\x64\debug\inputmanager.obj
c:\users\user\desktop\就活\作成フォルダ\藤岡祐明_作品1\x_shooting_c++\x_shooting_c++\x64\debug\gamemanager.obj
c:\users\user\desktop\就活\作成フォルダ\藤岡祐明_作品1\x_shooting_c++\x_shooting_c++\x64\debug\player.obj
c:\users\user\desktop\就活\作成フォルダ\藤岡祐明_作品1\x_shooting_c++\x_shooting_c++\x64\debug\dicontainer.obj
c:\users\user\desktop\就活\作成フォルダ\藤岡祐明_作品1\x_shooting_c++\x_shooting_c++\x64\debug\renderermanager.obj
c:\users\user\desktop\就活\作成フォルダ\藤岡祐明_作品1\x_shooting_c++\x64\debug\x_shooting_c++.exe
c:\users\user\desktop\就活\作成フォルダ\藤岡祐明_作品1\x_shooting_c++\x64\debug\x_shooting_c++.pdb
c:\users\user\desktop\就活\作成フォルダ\藤岡祐明_作品1\x_shooting_c++\x_shooting_c++\x64\debug\x_shooting_c++.ilk
c:\users\user\desktop\就活\作成フォルダ\藤岡祐明_作品1\x_shooting_c++\x_shooting_c++\x64\debug\x_shooting_c++.tlog\cl.command.1.tlog
c:\users\user\desktop\就活\作成フォルダ\藤岡祐明_作品1\x_shooting_c++\x_shooting_c++\x64\debug\x_shooting_c++.tlog\cl.items.tlog
c:\users\user\desktop\就活\作成フォルダ\藤岡祐明_作品1\x_shooting_c++\x_shooting_c++\x64\debug\x_shooting_c++.tlog\cl.read.1.tlog
c:\users\user\desktop\就活\作成フォルダ\藤岡祐明_作品1\x_shooting_c++\x_shooting_c++\x64\debug\x_shooting_c++.tlog\cl.write.1.tlog
c:\users\user\desktop\就活\作成フォルダ\藤岡祐明_作品1\x_shooting_c++\x_shooting_c++\x64\debug\x_shooting_c++.tlog\link.command.1.tlog
c:\users\user\desktop\就活\作成フォルダ\藤岡祐明_作品1\x_shooting_c++\x_shooting_c++\x64\debug\x_shooting_c++.tlog\link.read.1.tlog
c:\users\user\desktop\就活\作成フォルダ\藤岡祐明_作品1\x_shooting_c++\x_shooting_c++\x64\debug\x_shooting_c++.tlog\link.secondary.1.tlog
c:\users\user\desktop\就活\作成フォルダ\藤岡祐明_作品1\x_shooting_c++\x_shooting_c++\x64\debug\x_shooting_c++.tlog\link.write.1.tlog
